\BOOKMARK [1][-]{section*.2}{Executive Summary}{}% 1
\BOOKMARK [0][-]{chapter.1}{Introduction}{}% 2
\BOOKMARK [1][-]{section.1.1}{Incompressible Navier\205Stokes equations}{chapter.1}% 3
\BOOKMARK [1][-]{section.1.2}{Non-dimensional Navier-Stokes}{chapter.1}% 4
\BOOKMARK [1][-]{section.1.3}{Energy equation}{chapter.1}% 5
\BOOKMARK [1][-]{section.1.4}{Non-dimensional energy/passive scalar equation}{chapter.1}% 6
\BOOKMARK [1][-]{section.1.5}{Passive scalars}{chapter.1}% 7
\BOOKMARK [1][-]{section.1.6}{Unsteady Stokes }{chapter.1}% 8
\BOOKMARK [1][-]{section.1.7}{Steady Stokes }{chapter.1}% 9
\BOOKMARK [1][-]{section.1.8}{Linearized Equations}{chapter.1}% 10
\BOOKMARK [1][-]{section.1.9}{Steady conduction}{chapter.1}% 11
\BOOKMARK [1][-]{section.1.10}{Low-Mach Navier-Stokes}{chapter.1}% 12
\BOOKMARK [1][-]{section.1.11}{Incompressible MHD equations}{chapter.1}% 13
\BOOKMARK [1][-]{section.1.12}{Adaptive Lagrangian-Eulerian \(ALE\)}{chapter.1}% 14
\BOOKMARK [0][-]{chapter.2}{Quick start}{}% 15
\BOOKMARK [1][-]{section.2.1}{Download and Build}{chapter.2}% 16
\BOOKMARK [1][-]{section.2.2}{A worked example}{chapter.2}% 17
\BOOKMARK [1][-]{section.2.3}{Viewing the First 2D Example}{chapter.2}% 18
\BOOKMARK [2][-]{subsection.2.3.1}{Modifying the First Example}{section.2.3}% 19
\BOOKMARK [0][-]{chapter.3}{User files}{}% 20
\BOOKMARK [1][-]{section.3.1}{Case set-up .usr}{chapter.3}% 21
\BOOKMARK [2][-]{subsection.3.1.1}{Contents of .usr file}{section.3.1}% 22
\BOOKMARK [1][-]{section.3.2}{Problem size file SIZE}{chapter.3}% 23
\BOOKMARK [2][-]{subsection.3.2.1}{Memory Requirements}{section.3.2}% 24
\BOOKMARK [1][-]{section.3.3}{Geometry and Parameters file .rea}{chapter.3}% 25
\BOOKMARK [2][-]{subsection.3.3.1}{Parameters}{section.3.3}% 26
\BOOKMARK [1][-]{section.3.4}{Data Layout}{chapter.3}% 27
\BOOKMARK [0][-]{chapter.4}{Geometry}{}% 28
\BOOKMARK [1][-]{section.4.1}{Setting up the geometry}{chapter.4}% 29
\BOOKMARK [2][-]{subsection.4.1.1}{Uniformly Distributed Mesh}{section.4.1}% 30
\BOOKMARK [2][-]{subsection.4.1.2}{Graded Mesh}{section.4.1}% 31
\BOOKMARK [2][-]{subsection.4.1.3}{User-Specified Distribution}{section.4.1}% 32
\BOOKMARK [2][-]{subsection.4.1.4}{Mesh Modification in Nek5000}{section.4.1}% 33
\BOOKMARK [2][-]{subsection.4.1.5}{Cylindrical/Cartesian-transition Annuli}{section.4.1}% 34
\BOOKMARK [1][-]{section.4.2}{Extrusion/Mirroring}{chapter.4}% 35
\BOOKMARK [2][-]{subsection.4.2.1}{Building Extruded Meshes with n2to3}{section.4.2}% 36
\BOOKMARK [1][-]{section.4.3}{Moving Geometry}{chapter.4}% 37
\BOOKMARK [1][-]{section.4.4}{Boundary and initial conditions}{chapter.4}% 38
\BOOKMARK [2][-]{subsection.4.4.1}{Boundary Conditions}{section.4.4}% 39
\BOOKMARK [2][-]{subsection.4.4.2}{Fluid Velocity}{section.4.4}% 40
\BOOKMARK [2][-]{subsection.4.4.3}{Internal Boundary Conditions}{section.4.4}% 41
\BOOKMARK [2][-]{subsection.4.4.4}{Initial Conditions}{section.4.4}% 42
\BOOKMARK [1][-]{section.4.5}{Mesh Partioning for Parallel Computing}{chapter.4}% 43
\BOOKMARK [0][-]{chapter.5}{Performing large scale simulations in Nek5000}{}% 44
\BOOKMARK [1][-]{section.5.1}{Large scale simulations}{chapter.5}% 45
\BOOKMARK [1][-]{section.5.2}{Parallelism in Nek5000}{chapter.5}% 46
\BOOKMARK [0][-]{chapter.6}{Routines of interest}{}% 47
\BOOKMARK [1][-]{section.6.1}{Naming conventions}{chapter.6}% 48
\BOOKMARK [1][-]{section.6.2}{Subroutines}{chapter.6}% 49
\BOOKMARK [1][-]{section.6.3}{Functions}{chapter.6}% 50
\BOOKMARK [1][-]{section.6.4}{An example of specifying surface normals in the .usr file}{chapter.6}% 51
\BOOKMARK [1][-]{section.6.5}{Spectral Interpolation Tool}{chapter.6}% 52
\BOOKMARK [1][-]{section.6.6}{Grid to Grid Interpolation}{chapter.6}% 53
\BOOKMARK [1][-]{section.6.7}{Lagrangian Particle Tracking}{chapter.6}% 54
\BOOKMARK [0][-]{chapter.7}{Appendix}{}% 55
\BOOKMARK [1][-]{section.7.1}{Appendix A. Extensive list of parameters .rea file}{chapter.7}% 56
\BOOKMARK [2][-]{subsection.7.1.1}{Parameters}{section.7.1}% 57
\BOOKMARK [2][-]{subsection.7.1.2}{Available Parameters}{section.7.1}% 58
\BOOKMARK [2][-]{subsection.7.1.3}{Available Logical Switches}{section.7.1}% 59
\BOOKMARK [2][-]{subsection.7.1.4}{Logical switches}{section.7.1}% 60
\BOOKMARK [1][-]{section.7.2}{Appendix B. Extensive list of parameters SIZE file}{chapter.7}% 61
